<?xml version="1.0" encoding="UTF-8"?>
<testng-results skipped="0" failed="0" ignored="0" total="1" passed="1">
  <reporter-output>
  </reporter-output>
  <suite name="Suite" duration-ms="58509" started-at="2019-04-19T19:02:45Z" finished-at="2019-04-19T19:03:43Z">
    <groups>
    </groups>
    <test name="Test" duration-ms="58509" started-at="2019-04-19T19:02:45Z" finished-at="2019-04-19T19:03:43Z">
      <class name="com.qa.ascendum.test.HomePageTest">
        <test-method status="PASS" signature="Initialize_Browser()[pri:0, instance:com.qa.ascendum.test.HomePageTest@20398b7c]" name="Initialize_Browser" is-config="true" duration-ms="7356" started-at="2019-04-19T19:02:45Z" finished-at="2019-04-19T19:02:52Z">
          <reporter-output>
          </reporter-output>
        </test-method> <!-- Initialize_Browser -->
        <test-method status="PASS" signature="validateLogo()[pri:0, instance:com.qa.ascendum.test.HomePageTest@20398b7c]" name="validateLogo" duration-ms="49708" started-at="2019-04-19T19:02:52Z" finished-at="2019-04-19T19:03:42Z">
          <reporter-output>
          </reporter-output>
        </test-method> <!-- validateLogo -->
        <test-method status="PASS" signature="closeBrowser()[pri:0, instance:com.qa.ascendum.test.HomePageTest@20398b7c]" name="closeBrowser" is-config="true" duration-ms="1425" started-at="2019-04-19T19:03:42Z" finished-at="2019-04-19T19:03:43Z">
          <reporter-output>
          </reporter-output>
        </test-method> <!-- closeBrowser -->
      </class> <!-- com.qa.ascendum.test.HomePageTest -->
    </test> <!-- Test -->
  </suite> <!-- Suite -->
</testng-results>
