<?xml version="1.0" encoding="UTF-8"?>
<testng-results skipped="0" failed="0" ignored="0" total="1" passed="1">
  <reporter-output>
  </reporter-output>
  <suite name="Suite" duration-ms="56560" started-at="2019-04-19T14:37:22Z" finished-at="2019-04-19T14:38:19Z">
    <groups>
    </groups>
    <test name="Test" duration-ms="56560" started-at="2019-04-19T14:37:22Z" finished-at="2019-04-19T14:38:19Z">
      <class name="com.qa.ascendum.test.HomePageTest">
        <test-method status="PASS" signature="Initialize_Browser()[pri:0, instance:com.qa.ascendum.test.HomePageTest@6b09bb57]" name="Initialize_Browser" is-config="true" duration-ms="7454" started-at="2019-04-19T14:37:22Z" finished-at="2019-04-19T14:37:30Z">
          <reporter-output>
          </reporter-output>
        </test-method> <!-- Initialize_Browser -->
        <test-method status="PASS" signature="validateLogo()[pri:0, instance:com.qa.ascendum.test.HomePageTest@6b09bb57]" name="validateLogo" duration-ms="48338" started-at="2019-04-19T14:37:30Z" finished-at="2019-04-19T14:38:18Z">
          <reporter-output>
          </reporter-output>
        </test-method> <!-- validateLogo -->
        <test-method status="PASS" signature="closeBrowser()[pri:0, instance:com.qa.ascendum.test.HomePageTest@6b09bb57]" name="closeBrowser" is-config="true" duration-ms="748" started-at="2019-04-19T14:38:18Z" finished-at="2019-04-19T14:38:19Z">
          <reporter-output>
          </reporter-output>
        </test-method> <!-- closeBrowser -->
      </class> <!-- com.qa.ascendum.test.HomePageTest -->
    </test> <!-- Test -->
  </suite> <!-- Suite -->
</testng-results>
